<?xml version="1.0" encoding="UTF-8"?>
<!-- Generated by org.testng.reporters.JUnitXMLReporter -->
<testsuite ignored="0" hostname="DESKTOP-5938I2N" failures="0" tests="3" name="Practo web" time="126.647" errors="0" timestamp="2024-09-24T20:13:38 IST">
  <testcase classname="practo.Practotest" name="homepage" time="33.048"/>
  <testcase classname="practo.Practotest" name="appointment" time="35.808"/>
  <testcase classname="practo.Practotest" name="fee" time="27.846"/>
</testsuite> <!-- Practo web -->
