<?xml version="1.0" encoding="UTF-8"?>
<!-- Generated by org.testng.reporters.JUnitXMLReporter -->
<testsuite ignored="0" hostname="DESKTOP-5938I2N" failures="0" tests="3" name="Practo_edge" time="73.04" errors="0" timestamp="2024-09-25T00:56:51 IST">
  <testcase classname="practo.Practotest" name="homepage" time="18.106"/>
  <testcase classname="practo.Practotest" name="appointment" time="20.359"/>
  <testcase classname="practo.Practotest" name="fee" time="13.484"/>
</testsuite> <!-- Practo_edge -->
