<?xml version="1.0" encoding="UTF-8"?>
<!-- Generated by org.testng.reporters.JUnitXMLReporter -->
<testsuite ignored="0" hostname="DESKTOP-5938I2N" failures="0" tests="3" name="Practo_edge" time="209.54" errors="0" timestamp="2024-09-30T15:07:31 IST">
  <testcase classname="practo.PractoTest" name="homePage" time="32.079"/>
  <testcase classname="practo.PractoTest" name="bookingSlots" time="125.52"/>
  <testcase classname="practo.PractoTest" name="consultationFee" time="31.847"/>
</testsuite> <!-- Practo_edge -->
