<?xml version="1.0" encoding="UTF-8"?>
<testng-results ignored="0" total="6" passed="5" failed="1" skipped="0">
  <reporter-output>
  </reporter-output>
  <suite started-at="2024-09-25T00:55:38 IST" name="Practo" finished-at="2024-09-25T00:58:09 IST" duration-ms="151574">
    <groups>
    </groups>
    <test started-at="2024-09-25T00:55:38 IST" name="Practo_edge" finished-at="2024-09-25T00:56:51 IST" duration-ms="73040">
      <class name="practo.Practotest">
        <test-method is-config="true" signature="driverSetUp(java.lang.String)[pri:0, instance:practo.Practotest@4145bad8]" started-at="2024-09-25T00:55:38 IST" name="driverSetUp" finished-at="2024-09-25T00:55:43 IST" duration-ms="5686" status="PASS">
          <params>
            <param index="0">
              <value>
                <![CDATA[edge]]>
              </value>
            </param>
          </params>
          <reporter-output>
          </reporter-output>
        </test-method> <!-- driverSetUp -->
        <test-method is-config="true" signature="setUp()[pri:0, instance:practo.Practotest@4145bad8]" started-at="2024-09-25T00:55:43 IST" name="setUp" finished-at="2024-09-25T00:55:45 IST" duration-ms="1486" status="PASS">
          <reporter-output>
          </reporter-output>
        </test-method> <!-- setUp -->
        <test-method signature="homepage()[pri:1, instance:practo.Practotest@4145bad8]" started-at="2024-09-25T00:55:45 IST" name="homepage" finished-at="2024-09-25T00:56:03 IST" duration-ms="18106" status="PASS">
          <reporter-output>
          </reporter-output>
        </test-method> <!-- homepage -->
        <test-method is-config="true" signature="closeDriver()[pri:0, instance:practo.Practotest@4145bad8]" started-at="2024-09-25T00:56:03 IST" name="closeDriver" finished-at="2024-09-25T00:56:03 IST" duration-ms="277" status="PASS">
          <reporter-output>
          </reporter-output>
        </test-method> <!-- closeDriver -->
        <test-method is-config="true" signature="driverSetUp(java.lang.String)[pri:0, instance:practo.Practotest@4145bad8]" started-at="2024-09-25T00:56:03 IST" name="driverSetUp" finished-at="2024-09-25T00:56:08 IST" duration-ms="4942" status="PASS">
          <params>
            <param index="0">
              <value>
                <![CDATA[edge]]>
              </value>
            </param>
          </params>
          <reporter-output>
          </reporter-output>
        </test-method> <!-- driverSetUp -->
        <test-method is-config="true" signature="setUp()[pri:0, instance:practo.Practotest@4145bad8]" started-at="2024-09-25T00:56:08 IST" name="setUp" finished-at="2024-09-25T00:56:10 IST" duration-ms="1528" status="PASS">
          <reporter-output>
          </reporter-output>
        </test-method> <!-- setUp -->
        <test-method signature="appointment()[pri:2, instance:practo.Practotest@4145bad8]" started-at="2024-09-25T00:56:10 IST" name="appointment" finished-at="2024-09-25T00:56:30 IST" duration-ms="20359" status="PASS">
          <reporter-output>
          </reporter-output>
        </test-method> <!-- appointment -->
        <test-method is-config="true" signature="closeDriver()[pri:0, instance:practo.Practotest@4145bad8]" started-at="2024-09-25T00:56:30 IST" name="closeDriver" finished-at="2024-09-25T00:56:30 IST" duration-ms="269" status="PASS">
          <reporter-output>
          </reporter-output>
        </test-method> <!-- closeDriver -->
        <test-method is-config="true" signature="driverSetUp(java.lang.String)[pri:0, instance:practo.Practotest@4145bad8]" started-at="2024-09-25T00:56:30 IST" name="driverSetUp" finished-at="2024-09-25T00:56:35 IST" duration-ms="5150" status="PASS">
          <params>
            <param index="0">
              <value>
                <![CDATA[edge]]>
              </value>
            </param>
          </params>
          <reporter-output>
          </reporter-output>
        </test-method> <!-- driverSetUp -->
        <test-method is-config="true" signature="setUp()[pri:0, instance:practo.Practotest@4145bad8]" started-at="2024-09-25T00:56:35 IST" name="setUp" finished-at="2024-09-25T00:56:37 IST" duration-ms="1429" status="PASS">
          <reporter-output>
          </reporter-output>
        </test-method> <!-- setUp -->
        <test-method signature="fee()[pri:3, instance:practo.Practotest@4145bad8]" started-at="2024-09-25T00:56:37 IST" name="fee" finished-at="2024-09-25T00:56:50 IST" duration-ms="13484" status="PASS">
          <reporter-output>
          </reporter-output>
        </test-method> <!-- fee -->
        <test-method is-config="true" signature="closeDriver()[pri:0, instance:practo.Practotest@4145bad8]" started-at="2024-09-25T00:56:50 IST" name="closeDriver" finished-at="2024-09-25T00:56:51 IST" duration-ms="285" status="PASS">
          <reporter-output>
          </reporter-output>
        </test-method> <!-- closeDriver -->
      </class> <!-- practo.Practotest -->
    </test> <!-- Practo_edge -->
    <test started-at="2024-09-25T00:56:51 IST" name="Practo_chrome" finished-at="2024-09-25T00:58:09 IST" duration-ms="78453">
      <class name="practo.Practotest">
        <test-method is-config="true" signature="report()[pri:0, instance:practo.Practotest@712625fd]" started-at="2024-09-25T00:55:37 IST" name="report" finished-at="2024-09-25T00:55:38 IST" duration-ms="310" status="PASS">
          <reporter-output>
          </reporter-output>
        </test-method> <!-- report -->
        <test-method is-config="true" signature="driverSetUp(java.lang.String)[pri:0, instance:practo.Practotest@712625fd]" started-at="2024-09-25T00:56:51 IST" name="driverSetUp" finished-at="2024-09-25T00:56:54 IST" duration-ms="3376" status="PASS">
          <params>
            <param index="0">
              <value>
                <![CDATA[chrome]]>
              </value>
            </param>
          </params>
          <reporter-output>
          </reporter-output>
        </test-method> <!-- driverSetUp -->
        <test-method is-config="true" signature="setUp()[pri:0, instance:practo.Practotest@712625fd]" started-at="2024-09-25T00:56:54 IST" name="setUp" finished-at="2024-09-25T00:56:57 IST" duration-ms="2963" status="PASS">
          <reporter-output>
          </reporter-output>
        </test-method> <!-- setUp -->
        <test-method signature="homepage()[pri:1, instance:practo.Practotest@712625fd]" started-at="2024-09-25T00:56:57 IST" name="homepage" finished-at="2024-09-25T00:57:15 IST" duration-ms="18068" status="PASS">
          <reporter-output>
          </reporter-output>
        </test-method> <!-- homepage -->
        <test-method is-config="true" signature="closeDriver()[pri:0, instance:practo.Practotest@712625fd]" started-at="2024-09-25T00:57:15 IST" name="closeDriver" finished-at="2024-09-25T00:57:15 IST" duration-ms="234" status="PASS">
          <reporter-output>
          </reporter-output>
        </test-method> <!-- closeDriver -->
        <test-method is-config="true" signature="driverSetUp(java.lang.String)[pri:0, instance:practo.Practotest@712625fd]" started-at="2024-09-25T00:57:15 IST" name="driverSetUp" finished-at="2024-09-25T00:57:18 IST" duration-ms="3013" status="PASS">
          <params>
            <param index="0">
              <value>
                <![CDATA[chrome]]>
              </value>
            </param>
          </params>
          <reporter-output>
          </reporter-output>
        </test-method> <!-- driverSetUp -->
        <test-method is-config="true" signature="setUp()[pri:0, instance:practo.Practotest@712625fd]" started-at="2024-09-25T00:57:18 IST" name="setUp" finished-at="2024-09-25T00:57:20 IST" duration-ms="1457" status="PASS">
          <reporter-output>
          </reporter-output>
        </test-method> <!-- setUp -->
        <test-method signature="appointment()[pri:2, instance:practo.Practotest@712625fd]" started-at="2024-09-25T00:57:20 IST" name="appointment" finished-at="2024-09-25T00:57:51 IST" duration-ms="30827" status="FAIL">
          <exception class="org.openqa.selenium.NoSuchElementException">
            <message>
              <![CDATA[no such element: Unable to locate element: {"method":"xpath","selector":"//*[@id="container"]/div/div[4]/div/div[1]/div/div[3]/div[1]/div/div[1]/div[2]/a/div/h2"}
  (Session info: chrome=129.0.6668.59)
For documentation on this error, please visit: https://www.selenium.dev/documentation/webdriver/troubleshooting/errors#no-such-element-exception
Build info: version: '4.24.0', revision: '748ffc9bc3'
System info: os.name: 'Windows 11', os.arch: 'amd64', os.version: '10.0', java.version: '21.0.3'
Driver info: org.openqa.selenium.chrome.ChromeDriver
Command: [b22e705fb03797de9e4d8a48cbae13f6, findElement {value=//*[@id="container"]/div/div[4]/div/div[1]/div/div[3]/div[1]/div/div[1]/div[2]/a/div/h2, using=xpath}]
Capabilities {acceptInsecureCerts: false, browserName: chrome, browserVersion: 129.0.6668.59, chrome: {chromedriverVersion: 129.0.6668.70 (df87d5cf12b1..., userDataDir: C:\Users\RenukaV\AppData\Lo...}, fedcm:accounts: true, goog:chromeOptions: {debuggerAddress: localhost:54549}, networkConnectionEnabled: false, pageLoadStrategy: normal, platformName: windows, proxy: Proxy(), se:cdp: ws://localhost:54549/devtoo..., se:cdpVersion: 129.0.6668.59, setWindowRect: true, strictFileInteractability: false, timeouts: {implicit: 0, pageLoad: 300000, script: 30000}, unhandledPromptBehavior: dismiss and notify, webauthn:extension:credBlob: true, webauthn:extension:largeBlob: true, webauthn:extension:minPinLength: true, webauthn:extension:prf: true, webauthn:virtualAuthenticators: true}
Session ID: b22e705fb03797de9e4d8a48cbae13f6]]>
            </message>
            <full-stacktrace>
              <![CDATA[org.openqa.selenium.NoSuchElementException: no such element: Unable to locate element: {"method":"xpath","selector":"//*[@id="container"]/div/div[4]/div/div[1]/div/div[3]/div[1]/div/div[1]/div[2]/a/div/h2"}
  (Session info: chrome=129.0.6668.59)
For documentation on this error, please visit: https://www.selenium.dev/documentation/webdriver/troubleshooting/errors#no-such-element-exception
Build info: version: '4.24.0', revision: '748ffc9bc3'
System info: os.name: 'Windows 11', os.arch: 'amd64', os.version: '10.0', java.version: '21.0.3'
Driver info: org.openqa.selenium.chrome.ChromeDriver
Command: [b22e705fb03797de9e4d8a48cbae13f6, findElement {value=//*[@id="container"]/div/div[4]/div/div[1]/div/div[3]/div[1]/div/div[1]/div[2]/a/div/h2, using=xpath}]
Capabilities {acceptInsecureCerts: false, browserName: chrome, browserVersion: 129.0.6668.59, chrome: {chromedriverVersion: 129.0.6668.70 (df87d5cf12b1..., userDataDir: C:\Users\RenukaV\AppData\Lo...}, fedcm:accounts: true, goog:chromeOptions: {debuggerAddress: localhost:54549}, networkConnectionEnabled: false, pageLoadStrategy: normal, platformName: windows, proxy: Proxy(), se:cdp: ws://localhost:54549/devtoo..., se:cdpVersion: 129.0.6668.59, setWindowRect: true, strictFileInteractability: false, timeouts: {implicit: 0, pageLoad: 300000, script: 30000}, unhandledPromptBehavior: dismiss and notify, webauthn:extension:credBlob: true, webauthn:extension:largeBlob: true, webauthn:extension:minPinLength: true, webauthn:extension:prf: true, webauthn:virtualAuthenticators: true}
Session ID: b22e705fb03797de9e4d8a48cbae13f6
at java.base/jdk.internal.reflect.DirectConstructorHandleAccessor.newInstance(DirectConstructorHandleAccessor.java:62)
at java.base/java.lang.reflect.Constructor.newInstanceWithCaller(Constructor.java:502)
at java.base/java.lang.reflect.Constructor.newInstance(Constructor.java:486)
at org.openqa.selenium.remote.ErrorCodec.decode(ErrorCodec.java:167)
at org.openqa.selenium.remote.codec.w3c.W3CHttpResponseCodec.decode(W3CHttpResponseCodec.java:138)
at org.openqa.selenium.remote.codec.w3c.W3CHttpResponseCodec.decode(W3CHttpResponseCodec.java:50)
at org.openqa.selenium.remote.HttpCommandExecutor.execute(HttpCommandExecutor.java:190)
at org.openqa.selenium.remote.service.DriverCommandExecutor.invokeExecute(DriverCommandExecutor.java:216)
at org.openqa.selenium.remote.service.DriverCommandExecutor.execute(DriverCommandExecutor.java:174)
at org.openqa.selenium.remote.RemoteWebDriver.execute(RemoteWebDriver.java:545)
at org.openqa.selenium.remote.ElementLocation$ElementFinder$2.findElement(ElementLocation.java:165)
at org.openqa.selenium.remote.ElementLocation.findElement(ElementLocation.java:59)
at org.openqa.selenium.remote.RemoteWebDriver.findElement(RemoteWebDriver.java:368)
at org.openqa.selenium.remote.RemoteWebDriver.findElement(RemoteWebDriver.java:362)
at pages.DoctorsPage.slot(DoctorsPage.java:30)
at practo.Practotest.appointment(Practotest.java:57)
at java.base/jdk.internal.reflect.DirectMethodHandleAccessor.invoke(DirectMethodHandleAccessor.java:103)
at java.base/java.lang.reflect.Method.invoke(Method.java:580)
at org.testng.internal.MethodInvocationHelper.invokeMethod(MethodInvocationHelper.java:133)
at org.testng.internal.TestInvoker.invokeMethod(TestInvoker.java:598)
at org.testng.internal.TestInvoker.invokeTestMethod(TestInvoker.java:173)
at org.testng.internal.MethodRunner.runInSequence(MethodRunner.java:46)
at org.testng.internal.TestInvoker$MethodInvocationAgent.invoke(TestInvoker.java:824)
at org.testng.internal.TestInvoker.invokeTestMethods(TestInvoker.java:146)
at org.testng.internal.TestMethodWorker.invokeTestMethods(TestMethodWorker.java:146)
at org.testng.internal.TestMethodWorker.run(TestMethodWorker.java:128)
at java.base/java.util.ArrayList.forEach(ArrayList.java:1596)
at org.testng.TestRunner.privateRun(TestRunner.java:794)
at org.testng.TestRunner.run(TestRunner.java:596)
at org.testng.SuiteRunner.runTest(SuiteRunner.java:377)
at org.testng.SuiteRunner.runSequentially(SuiteRunner.java:371)
at org.testng.SuiteRunner.privateRun(SuiteRunner.java:332)
at org.testng.SuiteRunner.run(SuiteRunner.java:276)
at org.testng.SuiteRunnerWorker.runSuite(SuiteRunnerWorker.java:53)
at org.testng.SuiteRunnerWorker.run(SuiteRunnerWorker.java:96)
at org.testng.TestNG.runSuitesSequentially(TestNG.java:1212)
at org.testng.TestNG.runSuitesLocally(TestNG.java:1134)
at org.testng.TestNG.runSuites(TestNG.java:1063)
at org.testng.TestNG.run(TestNG.java:1031)
at org.testng.remote.AbstractRemoteTestNG.run(AbstractRemoteTestNG.java:115)
at org.testng.remote.RemoteTestNG.initAndRun(RemoteTestNG.java:293)
at org.testng.remote.RemoteTestNG.main(RemoteTestNG.java:91)
]]>
            </full-stacktrace>
          </exception> <!-- org.openqa.selenium.NoSuchElementException -->
          <reporter-output>
          </reporter-output>
        </test-method> <!-- appointment -->
        <test-method is-config="true" signature="closeDriver()[pri:0, instance:practo.Practotest@712625fd]" started-at="2024-09-25T00:57:51 IST" name="closeDriver" finished-at="2024-09-25T00:57:51 IST" duration-ms="203" status="PASS">
          <reporter-output>
          </reporter-output>
        </test-method> <!-- closeDriver -->
        <test-method is-config="true" signature="driverSetUp(java.lang.String)[pri:0, instance:practo.Practotest@712625fd]" started-at="2024-09-25T00:57:51 IST" name="driverSetUp" finished-at="2024-09-25T00:57:54 IST" duration-ms="3511" status="PASS">
          <params>
            <param index="0">
              <value>
                <![CDATA[chrome]]>
              </value>
            </param>
          </params>
          <reporter-output>
          </reporter-output>
        </test-method> <!-- driverSetUp -->
        <test-method is-config="true" signature="setUp()[pri:0, instance:practo.Practotest@712625fd]" started-at="2024-09-25T00:57:54 IST" name="setUp" finished-at="2024-09-25T00:57:56 IST" duration-ms="1524" status="PASS">
          <reporter-output>
          </reporter-output>
        </test-method> <!-- setUp -->
        <test-method signature="fee()[pri:3, instance:practo.Practotest@712625fd]" started-at="2024-09-25T00:57:56 IST" name="fee" finished-at="2024-09-25T00:58:09 IST" duration-ms="13048" status="PASS">
          <reporter-output>
          </reporter-output>
        </test-method> <!-- fee -->
        <test-method is-config="true" signature="closeDriver()[pri:0, instance:practo.Practotest@712625fd]" started-at="2024-09-25T00:58:09 IST" name="closeDriver" finished-at="2024-09-25T00:58:09 IST" duration-ms="209" status="PASS">
          <reporter-output>
          </reporter-output>
        </test-method> <!-- closeDriver -->
        <test-method is-config="true" signature="flush()[pri:0, instance:practo.Practotest@712625fd]" started-at="2024-09-25T00:58:09 IST" name="flush" finished-at="2024-09-25T00:58:10 IST" duration-ms="616" status="PASS">
          <reporter-output>
          </reporter-output>
        </test-method> <!-- flush -->
      </class> <!-- practo.Practotest -->
    </test> <!-- Practo_chrome -->
  </suite> <!-- Practo -->
</testng-results>
